<?xml version="1.0" encoding="UTF-8"?>
<testng-results skipped="0" failed="0" ignored="0" total="1" passed="1">
  <reporter-output>
  </reporter-output>
  <suite name="BDD Test Suite" duration-ms="35566" started-at="2019-11-17T06:52:58Z" finished-at="2019-11-17T06:53:34Z">
    <groups>
      <group name="cucumber">
        <method signature="TestRunner.feature(cucumber.api.testng.CucumberFeatureWrapper)[pri:0, instance:myrunners.TestRunner@9f70c54]" name="feature" class="myrunners.TestRunner"/>
      </group> <!-- cucumber -->
    </groups>
    <test name="FREE CRM Test" duration-ms="35566" started-at="2019-11-17T06:52:58Z" finished-at="2019-11-17T06:53:34Z">
      <class name="myrunners.TestRunner">
        <test-method status="PASS" signature="setUpClass()[pri:0, instance:myrunners.TestRunner@9f70c54]" name="setUpClass" is-config="true" duration-ms="202" started-at="2019-11-17T06:52:58Z" finished-at="2019-11-17T06:52:59Z">
          <reporter-output>
          </reporter-output>
        </test-method> <!-- setUpClass -->
        <test-method status="PASS" signature="feature(cucumber.api.testng.CucumberFeatureWrapper)[pri:0, instance:myrunners.TestRunner@9f70c54]" name="feature" duration-ms="35204" started-at="2019-11-17T06:52:59Z" description="Runs Cucumber Feature" data-provider="features" finished-at="2019-11-17T06:53:34Z">
          <params>
            <param index="0">
              <value>
                <![CDATA[Free CRM Login Feature]]>
              </value>
            </param>
          </params>
          <reporter-output>
          </reporter-output>
        </test-method> <!-- feature -->
        <test-method status="PASS" signature="tearDownClass()[pri:0, instance:myrunners.TestRunner@9f70c54]" name="tearDownClass" is-config="true" duration-ms="62" started-at="2019-11-17T06:53:34Z" finished-at="2019-11-17T06:53:34Z">
          <reporter-output>
          </reporter-output>
        </test-method> <!-- tearDownClass -->
      </class> <!-- myrunners.TestRunner -->
    </test> <!-- FREE CRM Test -->
  </suite> <!-- BDD Test Suite -->
</testng-results>
